<?xml version="1.0" encoding="UTF-8"?>
<!-- Generated by org.testng.reporters.JUnitReportReporter -->
<testsuite hostname="Desktop-Monitor-1st-Floor-Room3" failures="1" tests="1" name="runner.RunnerClass" time="8.837" errors="0" timestamp="2024-12-17T15:56:26 IST" skipped="0">
  <testcase classname="runner.RunnerClass" name="runScenario" time="8.837">
    <failure message="The potential is not present in the recycle bin expected [Darshan] but found [Punith]" type="java.lang.AssertionError">
      <![CDATA[java.lang.AssertionError: The potential is not present in the recycle bin expected [Darshan] but found [Punith]
at org.testng.Assert.fail(Assert.java:110)
at org.testng.Assert.failNotEquals(Assert.java:1577)
at org.testng.Assert.assertEqualsImpl(Assert.java:149)
at org.testng.Assert.assertEquals(Assert.java:131)
at org.testng.Assert.assertEquals(Assert.java:655)
at stepdefinitions.AddAndDeletePotential.the_deleted_potential_should_be_displayed(AddAndDeletePotential.java:84)
at ✽.the deleted potential "Darshan" should be displayed(file:///C:/Users/QSP/git/BDD/BDD/featurefiles/DeletePotential.feature:19)
]]>
    </failure>
  </testcase> <!-- runScenario -->
  <system-out/>
</testsuite> <!-- runner.RunnerClass -->
