<?xml version="1.0" encoding="UTF-8"?>
<testng-results ignored="0" total="1" passed="0" failed="1" skipped="0">
  <reporter-output>
  </reporter-output>
  <suite started-at="2024-12-17T15:56:17 IST" name="Default suite" finished-at="2024-12-17T15:56:26 IST" duration-ms="9337">
    <groups>
      <group name="cucumber">
        <method signature="AbstractTestNGCucumberTests.runScenario(io.cucumber.testng.PickleWrapper,io.cucumber.testng.FeatureWrapper)[pri:0, instance:runner.RunnerClass@408d971b]" name="runScenario" class="io.cucumber.testng.AbstractTestNGCucumberTests"/>
      </group> <!-- cucumber -->
    </groups>
    <test started-at="2024-12-17T15:56:17 IST" name="Default test" finished-at="2024-12-17T15:56:26 IST" duration-ms="9337">
      <class name="runner.RunnerClass">
        <test-method is-config="true" signature="setUpClass(org.testng.ITestContext)[pri:0, instance:runner.RunnerClass@408d971b]" started-at="2024-12-17T15:56:17 IST" name="setUpClass" finished-at="2024-12-17T15:56:17 IST" duration-ms="427" status="PASS">
          <params>
            <param index="0">
              <value>
                <![CDATA[org.testng.TestRunner@55a88417]]>
              </value>
            </param>
          </params>
          <reporter-output>
          </reporter-output>
        </test-method> <!-- setUpClass -->
        <test-method signature="runScenario(io.cucumber.testng.PickleWrapper,io.cucumber.testng.FeatureWrapper)[pri:0, instance:runner.RunnerClass@408d971b]" started-at="2024-12-17T15:56:17 IST" name="runScenario" description="Runs Cucumber Scenarios" data-provider="scenarios" finished-at="2024-12-17T15:56:26 IST" duration-ms="8837" status="FAIL">
          <params>
            <param index="0">
              <value>
                <![CDATA["Create and Delete the potential"]]>
              </value>
            </param>
            <param index="1">
              <value>
                <![CDATA["Potential Module"]]>
              </value>
            </param>
          </params>
          <exception class="java.lang.AssertionError">
            <message>
              <![CDATA[The potential is not present in the recycle bin expected [Darshan] but found [Punith]]]>
            </message>
            <full-stacktrace>
              <![CDATA[java.lang.AssertionError: The potential is not present in the recycle bin expected [Darshan] but found [Punith]
at org.testng.Assert.fail(Assert.java:110)
at org.testng.Assert.failNotEquals(Assert.java:1577)
at org.testng.Assert.assertEqualsImpl(Assert.java:149)
at org.testng.Assert.assertEquals(Assert.java:131)
at org.testng.Assert.assertEquals(Assert.java:655)
at stepdefinitions.AddAndDeletePotential.the_deleted_potential_should_be_displayed(AddAndDeletePotential.java:84)
at ✽.the deleted potential "Darshan" should be displayed(file:///C:/Users/QSP/git/BDD/BDD/featurefiles/DeletePotential.feature:19)
]]>
            </full-stacktrace>
          </exception> <!-- java.lang.AssertionError -->
          <reporter-output>
          </reporter-output>
        </test-method> <!-- runScenario -->
        <test-method is-config="true" signature="tearDownClass()[pri:0, instance:runner.RunnerClass@408d971b]" started-at="2024-12-17T15:56:26 IST" name="tearDownClass" finished-at="2024-12-17T15:56:26 IST" duration-ms="31" status="PASS">
          <reporter-output>
          </reporter-output>
        </test-method> <!-- tearDownClass -->
      </class> <!-- runner.RunnerClass -->
    </test> <!-- Default test -->
  </suite> <!-- Default suite -->
</testng-results>
