<?xml version="1.0" encoding="UTF-8"?>
<testng-results ignored="0" total="1" passed="1" failed="0" skipped="0">
  <reporter-output>
  </reporter-output>
  <suite started-at="2024-12-17T15:13:33 IST" name="Default suite" finished-at="2024-12-17T15:13:41 IST" duration-ms="8401">
    <groups>
      <group name="cucumber">
        <method signature="AbstractTestNGCucumberTests.runScenario(io.cucumber.testng.PickleWrapper,io.cucumber.testng.FeatureWrapper)[pri:0, instance:runner.RunnerClass@408d971b]" name="runScenario" class="io.cucumber.testng.AbstractTestNGCucumberTests"/>
      </group> <!-- cucumber -->
    </groups>
    <test started-at="2024-12-17T15:13:33 IST" name="Default test" finished-at="2024-12-17T15:13:41 IST" duration-ms="8401">
      <class name="runner.RunnerClass">
        <test-method is-config="true" signature="setUpClass(org.testng.ITestContext)[pri:0, instance:runner.RunnerClass@408d971b]" started-at="2024-12-17T15:13:33 IST" name="setUpClass" finished-at="2024-12-17T15:13:33 IST" duration-ms="489" status="PASS">
          <params>
            <param index="0">
              <value>
                <![CDATA[org.testng.TestRunner@21f459fc]]>
              </value>
            </param>
          </params>
          <reporter-output>
          </reporter-output>
        </test-method> <!-- setUpClass -->
        <test-method signature="runScenario(io.cucumber.testng.PickleWrapper,io.cucumber.testng.FeatureWrapper)[pri:0, instance:runner.RunnerClass@408d971b]" started-at="2024-12-17T15:13:33 IST" name="runScenario" description="Runs Cucumber Scenarios" data-provider="scenarios" finished-at="2024-12-17T15:13:41 IST" duration-ms="7816" status="PASS">
          <params>
            <param index="0">
              <value>
                <![CDATA["Create and Delete the potential"]]>
              </value>
            </param>
            <param index="1">
              <value>
                <![CDATA["Potential Module"]]>
              </value>
            </param>
          </params>
          <reporter-output>
          </reporter-output>
        </test-method> <!-- runScenario -->
        <test-method is-config="true" signature="tearDownClass()[pri:0, instance:runner.RunnerClass@408d971b]" started-at="2024-12-17T15:13:41 IST" name="tearDownClass" finished-at="2024-12-17T15:13:41 IST" duration-ms="41" status="PASS">
          <reporter-output>
          </reporter-output>
        </test-method> <!-- tearDownClass -->
      </class> <!-- runner.RunnerClass -->
    </test> <!-- Default test -->
  </suite> <!-- Default suite -->
</testng-results>
